2021-11-05 03:51:57.403 [main] INFO  c.s.s.NetworkApplication : Starting NetworkApplication using Java 16.0.2 on WIN-S9GQIUPSQJT with PID 11608 (C:\Users\nat-l\Desktop\Team\social-network\target\classes started by nat-l in C:\Users\nat-l\Desktop\Team) 
2021-11-05 03:51:57.407 [main] INFO  c.s.s.NetworkApplication : No active profile set, falling back to default profiles: default 
2021-11-05 03:51:58.606 [main] INFO  o.s.d.r.c.RepositoryConfigurationDelegate : Bootstrapping Spring Data JPA repositories in DEFAULT mode. 
2021-11-05 03:51:58.738 [main] INFO  o.s.d.r.c.RepositoryConfigurationDelegate : Finished Spring Data repository scanning in 124 ms. Found 10 JPA repository interfaces. 
2021-11-05 03:51:59.110 [main] INFO  c.u.j.c.EnableEncryptablePropertiesBeanFactoryPostProcessor : Post-processing PropertySource instances 
2021-11-05 03:51:59.112 [main] INFO  c.u.j.EncryptablePropertySourceConverter : Skipping PropertySource configurationProperties [class org.springframework.boot.context.properties.source.ConfigurationPropertySourcesPropertySource 
2021-11-05 03:51:59.114 [main] INFO  c.u.j.EncryptablePropertySourceConverter : Skipping PropertySource servletConfigInitParams [class org.springframework.core.env.PropertySource$StubPropertySource 
2021-11-05 03:51:59.114 [main] INFO  c.u.j.EncryptablePropertySourceConverter : Skipping PropertySource servletContextInitParams [class org.springframework.core.env.PropertySource$StubPropertySource 
2021-11-05 03:51:59.116 [main] INFO  c.u.j.EncryptablePropertySourceConverter : Converting PropertySource systemProperties [org.springframework.core.env.PropertiesPropertySource] to EncryptableMapPropertySourceWrapper 
2021-11-05 03:51:59.116 [main] INFO  c.u.j.EncryptablePropertySourceConverter : Converting PropertySource systemEnvironment [org.springframework.boot.env.SystemEnvironmentPropertySourceEnvironmentPostProcessor$OriginAwareSystemEnvironmentPropertySource] to EncryptableSystemEnvironmentPropertySourceWrapper 
2021-11-05 03:51:59.117 [main] INFO  c.u.j.EncryptablePropertySourceConverter : Converting PropertySource random [org.springframework.boot.env.RandomValuePropertySource] to EncryptablePropertySourceWrapper 
2021-11-05 03:51:59.117 [main] INFO  c.u.j.EncryptablePropertySourceConverter : Converting PropertySource Config resource 'class path resource [application.yml]' via location 'optional:classpath:/' [org.springframework.boot.env.OriginTrackedMapPropertySource] to EncryptableMapPropertySourceWrapper 
2021-11-05 03:51:59.237 [main] INFO  o.s.c.s.PostProcessorRegistrationDelegate$BeanPostProcessorChecker : Bean 'org.springframework.security.access.expression.method.DefaultMethodSecurityExpressionHandler@580fd26b' of type [org.springframework.security.access.expression.method.DefaultMethodSecurityExpressionHandler] is not eligible for getting processed by all BeanPostProcessors (for example: not eligible for auto-proxying) 
2021-11-05 03:51:59.240 [main] INFO  o.s.c.s.PostProcessorRegistrationDelegate$BeanPostProcessorChecker : Bean 'methodSecurityMetadataSource' of type [org.springframework.security.access.method.DelegatingMethodSecurityMetadataSource] is not eligible for getting processed by all BeanPostProcessors (for example: not eligible for auto-proxying) 
2021-11-05 03:51:59.248 [main] INFO  o.s.c.s.PostProcessorRegistrationDelegate$BeanPostProcessorChecker : Bean 'jwtProvider' of type [com.skillbox.socialnetwork.api.security.JwtProvider] is not eligible for getting processed by all BeanPostProcessors (for example: not eligible for auto-proxying) 
2021-11-05 03:51:59.267 [main] INFO  o.s.c.s.PostProcessorRegistrationDelegate$BeanPostProcessorChecker : Bean '(inner bean)#daf22f0' of type [org.springframework.beans.factory.config.PropertiesFactoryBean] is not eligible for getting processed by all BeanPostProcessors (for example: not eligible for auto-proxying) 
2021-11-05 03:51:59.268 [main] INFO  o.s.c.s.PostProcessorRegistrationDelegate$BeanPostProcessorChecker : Bean '(inner bean)#daf22f0' of type [java.util.Properties] is not eligible for getting processed by all BeanPostProcessors (for example: not eligible for auto-proxying) 
2021-11-05 03:51:59.272 [main] INFO  o.s.c.s.PostProcessorRegistrationDelegate$BeanPostProcessorChecker : Bean '(inner bean)#6c184d4d' of type [org.springframework.data.repository.core.support.PropertiesBasedNamedQueries] is not eligible for getting processed by all BeanPostProcessors (for example: not eligible for auto-proxying) 
2021-11-05 03:51:59.274 [main] INFO  o.s.c.s.PostProcessorRegistrationDelegate$BeanPostProcessorChecker : Bean '(inner bean)#41d16cc3' of type [org.springframework.data.repository.core.support.RepositoryFragmentsFactoryBean] is not eligible for getting processed by all BeanPostProcessors (for example: not eligible for auto-proxying) 
2021-11-05 03:51:59.277 [main] INFO  o.s.c.s.PostProcessorRegistrationDelegate$BeanPostProcessorChecker : Bean '(inner bean)#41d16cc3' of type [org.springframework.data.repository.core.support.RepositoryComposition$RepositoryFragments] is not eligible for getting processed by all BeanPostProcessors (for example: not eligible for auto-proxying) 
2021-11-05 03:51:59.291 [main] INFO  c.u.j.f.DefaultLazyPropertyFilter : Property Filter custom Bean not found with name 'encryptablePropertyFilter'. Initializing Default Property Filter 
2021-11-05 03:51:59.300 [main] INFO  c.u.j.r.DefaultLazyPropertyResolver : Property Resolver custom Bean not found with name 'encryptablePropertyResolver'. Initializing Default Property Resolver 
2021-11-05 03:51:59.302 [main] INFO  c.u.j.d.DefaultLazyPropertyDetector : Property Detector custom Bean not found with name 'encryptablePropertyDetector'. Initializing Default Property Detector 
2021-11-05 03:51:59.306 [main] INFO  o.s.c.s.PostProcessorRegistrationDelegate$BeanPostProcessorChecker : Bean 'spring.liquibase-org.springframework.boot.autoconfigure.liquibase.LiquibaseProperties' of type [org.springframework.boot.autoconfigure.liquibase.LiquibaseProperties] is not eligible for getting processed by all BeanPostProcessors (for example: not eligible for auto-proxying) 
2021-11-05 03:51:59.307 [main] INFO  o.s.c.s.PostProcessorRegistrationDelegate$BeanPostProcessorChecker : Bean 'org.springframework.boot.autoconfigure.liquibase.LiquibaseAutoConfiguration$LiquibaseConfiguration' of type [org.springframework.boot.autoconfigure.liquibase.LiquibaseAutoConfiguration$LiquibaseConfiguration] is not eligible for getting processed by all BeanPostProcessors (for example: not eligible for auto-proxying) 
2021-11-05 03:51:59.315 [main] INFO  o.s.c.s.PostProcessorRegistrationDelegate$BeanPostProcessorChecker : Bean 'org.springframework.boot.autoconfigure.jdbc.DataSourceConfiguration$Hikari' of type [org.springframework.boot.autoconfigure.jdbc.DataSourceConfiguration$Hikari] is not eligible for getting processed by all BeanPostProcessors (for example: not eligible for auto-proxying) 
2021-11-05 03:51:59.319 [main] INFO  o.s.c.s.PostProcessorRegistrationDelegate$BeanPostProcessorChecker : Bean 'jasyptConfig' of type [com.skillbox.socialnetwork.config.JasyptConfig$$EnhancerBySpringCGLIB$$12f38adb] is not eligible for getting processed by all BeanPostProcessors (for example: not eligible for auto-proxying) 
2021-11-05 03:51:59.332 [main] INFO  o.s.c.s.PostProcessorRegistrationDelegate$BeanPostProcessorChecker : Bean 'encryptorBean' of type [org.jasypt.encryption.pbe.PooledPBEStringEncryptor] is not eligible for getting processed by all BeanPostProcessors (for example: not eligible for auto-proxying) 
2021-11-05 03:51:59.333 [main] INFO  c.u.j.e.DefaultLazyEncryptor : Found Custom Encryptor Bean org.jasypt.encryption.pbe.PooledPBEStringEncryptor@25be445f with name: encryptorBean 
2021-11-05 03:51:59.384 [main] INFO  o.s.c.s.PostProcessorRegistrationDelegate$BeanPostProcessorChecker : Bean 'spring.datasource-org.springframework.boot.autoconfigure.jdbc.DataSourceProperties' of type [org.springframework.boot.autoconfigure.jdbc.DataSourceProperties] is not eligible for getting processed by all BeanPostProcessors (for example: not eligible for auto-proxying) 
2021-11-05 03:51:59.402 [main] INFO  o.s.c.s.PostProcessorRegistrationDelegate$BeanPostProcessorChecker : Bean 'dataSource' of type [com.zaxxer.hikari.HikariDataSource] is not eligible for getting processed by all BeanPostProcessors (for example: not eligible for auto-proxying) 
2021-11-05 03:51:59.438 [main] INFO  com.zaxxer.hikari.HikariDataSource : HikariPool-1 - Starting... 
2021-11-05 03:51:59.576 [main] INFO  com.zaxxer.hikari.HikariDataSource : HikariPool-1 - Start completed. 
2021-11-05 03:51:59.910 [main] INFO  liquibase.lockservice : Successfully acquired change log lock 
2021-11-05 03:52:01.488 [main] INFO  liquibase.changelog : Reading from network_db.DATABASECHANGELOG 
2021-11-05 03:52:02.114 [main] INFO  liquibase.lockservice : Successfully released change log lock 
2021-11-05 03:52:02.131 [main] INFO  liquibase.lockservice : Successfully acquired change log lock 
2021-11-05 03:52:02.132 [main] WARN  liquibase.hub : Skipping auto-registration 
2021-11-05 03:52:02.145 [main] INFO  liquibase.lockservice : Successfully released change log lock 
2021-11-05 03:52:02.147 [main] INFO  o.s.c.s.PostProcessorRegistrationDelegate$BeanPostProcessorChecker : Bean 'liquibase' of type [liquibase.integration.spring.SpringLiquibase] is not eligible for getting processed by all BeanPostProcessors (for example: not eligible for auto-proxying) 
2021-11-05 03:52:02.148 [main] INFO  o.s.c.s.PostProcessorRegistrationDelegate$BeanPostProcessorChecker : Bean 'org.springframework.boot.autoconfigure.sql.init.DataSourceInitializationConfiguration' of type [org.springframework.boot.autoconfigure.sql.init.DataSourceInitializationConfiguration] is not eligible for getting processed by all BeanPostProcessors (for example: not eligible for auto-proxying) 
2021-11-05 03:52:02.151 [main] INFO  o.s.c.s.PostProcessorRegistrationDelegate$BeanPostProcessorChecker : Bean 'spring.sql.init-org.springframework.boot.autoconfigure.sql.init.SqlInitializationProperties' of type [org.springframework.boot.autoconfigure.sql.init.SqlInitializationProperties] is not eligible for getting processed by all BeanPostProcessors (for example: not eligible for auto-proxying) 
2021-11-05 03:52:02.153 [main] INFO  o.s.c.s.PostProcessorRegistrationDelegate$BeanPostProcessorChecker : Bean 'dataSourceScriptDatabaseInitializer' of type [org.springframework.boot.jdbc.init.DataSourceScriptDatabaseInitializer] is not eligible for getting processed by all BeanPostProcessors (for example: not eligible for auto-proxying) 
2021-11-05 03:52:02.156 [main] INFO  o.s.c.s.PostProcessorRegistrationDelegate$BeanPostProcessorChecker : Bean 'spring.jpa-org.springframework.boot.autoconfigure.orm.jpa.JpaProperties' of type [org.springframework.boot.autoconfigure.orm.jpa.JpaProperties] is not eligible for getting processed by all BeanPostProcessors (for example: not eligible for auto-proxying) 
2021-11-05 03:52:02.158 [main] INFO  o.s.c.s.PostProcessorRegistrationDelegate$BeanPostProcessorChecker : Bean 'spring.jpa.hibernate-org.springframework.boot.autoconfigure.orm.jpa.HibernateProperties' of type [org.springframework.boot.autoconfigure.orm.jpa.HibernateProperties] is not eligible for getting processed by all BeanPostProcessors (for example: not eligible for auto-proxying) 
2021-11-05 03:52:02.161 [main] INFO  o.s.c.s.PostProcessorRegistrationDelegate$BeanPostProcessorChecker : Bean 'org.springframework.boot.autoconfigure.jdbc.metadata.DataSourcePoolMetadataProvidersConfiguration$HikariPoolDataSourceMetadataProviderConfiguration' of type [org.springframework.boot.autoconfigure.jdbc.metadata.DataSourcePoolMetadataProvidersConfiguration$HikariPoolDataSourceMetadataProviderConfiguration] is not eligible for getting processed by all BeanPostProcessors (for example: not eligible for auto-proxying) 
2021-11-05 03:52:02.162 [main] INFO  o.s.c.s.PostProcessorRegistrationDelegate$BeanPostProcessorChecker : Bean 'hikariPoolDataSourceMetadataProvider' of type [org.springframework.boot.autoconfigure.jdbc.metadata.DataSourcePoolMetadataProvidersConfiguration$HikariPoolDataSourceMetadataProviderConfiguration$$Lambda$696/0x000000080119a8d8] is not eligible for getting processed by all BeanPostProcessors (for example: not eligible for auto-proxying) 
2021-11-05 03:52:02.164 [main] INFO  o.s.c.s.PostProcessorRegistrationDelegate$BeanPostProcessorChecker : Bean 'org.springframework.boot.autoconfigure.orm.jpa.HibernateJpaConfiguration' of type [org.springframework.boot.autoconfigure.orm.jpa.HibernateJpaConfiguration] is not eligible for getting processed by all BeanPostProcessors (for example: not eligible for auto-proxying) 
2021-11-05 03:52:02.170 [main] INFO  o.s.c.s.PostProcessorRegistrationDelegate$BeanPostProcessorChecker : Bean 'jpaVendorAdapter' of type [org.springframework.orm.jpa.vendor.HibernateJpaVendorAdapter] is not eligible for getting processed by all BeanPostProcessors (for example: not eligible for auto-proxying) 
2021-11-05 03:52:02.172 [main] INFO  o.s.c.s.PostProcessorRegistrationDelegate$BeanPostProcessorChecker : Bean 'entityManagerFactoryBuilder' of type [org.springframework.boot.orm.jpa.EntityManagerFactoryBuilder] is not eligible for getting processed by all BeanPostProcessors (for example: not eligible for auto-proxying) 
2021-11-05 03:52:02.214 [main] INFO  o.h.jpa.internal.util.LogHelper : HHH000204: Processing PersistenceUnitInfo [name: default] 
2021-11-05 03:52:02.266 [main] INFO  org.hibernate.Version : HHH000412: Hibernate ORM core version 5.4.32.Final 
2021-11-05 03:52:02.423 [main] INFO  o.h.annotations.common.Version : HCANN000001: Hibernate Commons Annotations {5.1.2.Final} 
2021-11-05 03:52:02.532 [main] INFO  org.hibernate.dialect.Dialect : HHH000400: Using dialect: org.hibernate.dialect.MySQL8Dialect 
2021-11-05 03:52:03.194 [main] INFO  o.h.e.t.j.p.i.JtaPlatformInitiator : HHH000490: Using JtaPlatform implementation: [org.hibernate.engine.transaction.jta.platform.internal.NoJtaPlatform] 
2021-11-05 03:52:03.201 [main] INFO  o.s.o.j.LocalContainerEntityManagerFactoryBean : Initialized JPA EntityManagerFactory for persistence unit 'default' 
2021-11-05 03:52:03.203 [main] INFO  o.s.c.s.PostProcessorRegistrationDelegate$BeanPostProcessorChecker : Bean 'entityManagerFactory' of type [org.springframework.orm.jpa.LocalContainerEntityManagerFactoryBean] is not eligible for getting processed by all BeanPostProcessors (for example: not eligible for auto-proxying) 
2021-11-05 03:52:03.206 [main] INFO  o.s.c.s.PostProcessorRegistrationDelegate$BeanPostProcessorChecker : Bean 'entityManagerFactory' of type [jdk.proxy2.$Proxy125] is not eligible for getting processed by all BeanPostProcessors (for example: not eligible for auto-proxying) 
2021-11-05 03:52:03.230 [main] INFO  o.s.c.s.PostProcessorRegistrationDelegate$BeanPostProcessorChecker : Bean '(inner bean)#557b6a37' of type [jdk.proxy2.$Proxy126] is not eligible for getting processed by all BeanPostProcessors (for example: not eligible for auto-proxying) 
2021-11-05 03:52:03.250 [main] INFO  o.s.c.s.PostProcessorRegistrationDelegate$BeanPostProcessorChecker : Bean 'jpaMappingContext' of type [org.springframework.data.jpa.repository.config.JpaMetamodelMappingContextFactoryBean] is not eligible for getting processed by all BeanPostProcessors (for example: not eligible for auto-proxying) 
2021-11-05 03:52:03.251 [main] INFO  o.s.c.s.PostProcessorRegistrationDelegate$BeanPostProcessorChecker : Bean 'jpaMappingContext' of type [org.springframework.data.jpa.mapping.JpaMetamodelMappingContext] is not eligible for getting processed by all BeanPostProcessors (for example: not eligible for auto-proxying) 
2021-11-05 03:52:03.578 [main] INFO  o.s.c.s.PostProcessorRegistrationDelegate$BeanPostProcessorChecker : Bean 'personRepository' of type [org.springframework.data.jpa.repository.support.JpaRepositoryFactoryBean] is not eligible for getting processed by all BeanPostProcessors (for example: not eligible for auto-proxying) 
2021-11-05 03:52:03.580 [main] INFO  o.s.c.s.PostProcessorRegistrationDelegate$BeanPostProcessorChecker : Bean 'personRepository' of type [jdk.proxy2.$Proxy131] is not eligible for getting processed by all BeanPostProcessors (for example: not eligible for auto-proxying) 
2021-11-05 03:52:03.588 [main] INFO  o.s.c.s.PostProcessorRegistrationDelegate$BeanPostProcessorChecker : Bean 'socketIOConfig' of type [com.skillbox.socialnetwork.config.SocketIOConfig$$EnhancerBySpringCGLIB$$fa4b513] is not eligible for getting processed by all BeanPostProcessors (for example: not eligible for auto-proxying) 
2021-11-05 03:52:03.636 [main] INFO  c.c.socketio.SocketIOServer : Session store / pubsub factory used: MemoryStoreFactory (local session store only) 
2021-11-05 03:52:03.815 [nioEventLoopGroup-2-1] INFO  c.c.socketio.SocketIOServer : SocketIO server started at port: 1111 
2021-11-05 03:52:03.817 [main] INFO  o.s.c.s.PostProcessorRegistrationDelegate$BeanPostProcessorChecker : Bean 'server' of type [com.corundumstudio.socketio.SocketIOServer] is not eligible for getting processed by all BeanPostProcessors (for example: not eligible for auto-proxying) 
2021-11-05 03:52:04.005 [main] INFO  o.s.b.w.e.tomcat.TomcatWebServer : Tomcat initialized with port(s): 8086 (http) 
2021-11-05 03:52:04.014 [main] INFO  o.a.catalina.core.StandardService : Starting service [Tomcat] 
2021-11-05 03:52:04.014 [main] INFO  o.a.catalina.core.StandardEngine : Starting Servlet engine: [Apache Tomcat/9.0.52] 
2021-11-05 03:52:04.151 [main] INFO  o.a.c.c.C.[Tomcat].[localhost].[/] : Initializing Spring embedded WebApplicationContext 
2021-11-05 03:52:04.151 [main] INFO  o.s.b.w.s.c.ServletWebServerApplicationContext : Root WebApplicationContext: initialization completed in 6698 ms 
2021-11-05 03:52:04.429 [main] WARN  o.s.b.a.o.j.JpaBaseConfiguration$JpaWebConfiguration : spring.jpa.open-in-view is enabled by default. Therefore, database queries may be performed during view rendering. Explicitly configure spring.jpa.open-in-view to disable this warning 
2021-11-05 03:52:04.802 [main] INFO  c.c.s.a.SpringAnnotationScanner : socketEventHandler bean listeners added 
2021-11-05 03:52:05.571 [main] INFO  o.s.b.a.e.web.EndpointLinksResolver : Exposing 2 endpoint(s) beneath base path '/actuator' 
2021-11-05 03:52:05.598 [main] INFO  o.s.s.w.DefaultSecurityFilterChain : Will secure any request with [org.springframework.security.web.context.request.async.WebAsyncManagerIntegrationFilter@2a5debb9, org.springframework.security.web.context.SecurityContextPersistenceFilter@4e2cdbf7, org.springframework.security.web.header.HeaderWriterFilter@5d4115fd, org.springframework.web.filter.CorsFilter@370f893e, org.springframework.security.web.authentication.logout.LogoutFilter@2d28f660, com.skillbox.socialnetwork.api.security.JwtFilter@7385ff06, org.springframework.security.web.savedrequest.RequestCacheAwareFilter@27d9232d, org.springframework.security.web.servletapi.SecurityContextHolderAwareRequestFilter@6043dfeb, org.springframework.security.web.authentication.AnonymousAuthenticationFilter@63449240, org.springframework.security.web.session.SessionManagementFilter@6ef943e5, org.springframework.security.web.access.ExceptionTranslationFilter@5371f859, org.springframework.security.web.access.intercept.FilterSecurityInterceptor@277c04d4] 
2021-11-05 03:52:05.958 [main] INFO  o.s.b.w.e.tomcat.TomcatWebServer : Tomcat started on port(s): 8086 (http) with context path '' 
2021-11-05 03:52:05.960 [main] INFO  c.u.j.c.RefreshScopeRefreshedEventListener : Refreshing cached encryptable property sources on ServletWebServerInitializedEvent 
2021-11-05 03:52:05.961 [main] INFO  c.u.j.c.CachingDelegateEncryptablePropertySource : Property Source systemProperties refreshed 
2021-11-05 03:52:05.961 [main] INFO  c.u.j.c.CachingDelegateEncryptablePropertySource : Property Source systemEnvironment refreshed 
2021-11-05 03:52:05.961 [main] INFO  c.u.j.c.CachingDelegateEncryptablePropertySource : Property Source random refreshed 
2021-11-05 03:52:05.961 [main] INFO  c.u.j.c.CachingDelegateEncryptablePropertySource : Property Source Config resource 'class path resource [application.yml]' via location 'optional:classpath:/' refreshed 
2021-11-05 03:52:05.961 [main] INFO  c.u.j.EncryptablePropertySourceConverter : Converting PropertySource server.ports [org.springframework.core.env.MapPropertySource] to EncryptableMapPropertySourceWrapper 
2021-11-05 03:52:05.961 [main] INFO  c.u.j.EncryptablePropertySourceConverter : Skipping PropertySource configurationProperties [class org.springframework.boot.context.properties.source.ConfigurationPropertySourcesPropertySource 
2021-11-05 03:52:05.962 [main] INFO  c.u.j.EncryptablePropertySourceConverter : Skipping PropertySource servletConfigInitParams [class org.springframework.core.env.PropertySource$StubPropertySource 
2021-11-05 03:52:05.962 [main] INFO  c.u.j.EncryptablePropertySourceConverter : Converting PropertySource servletContextInitParams [org.springframework.web.context.support.ServletContextPropertySource] to EncryptableEnumerablePropertySourceWrapper 
2021-11-05 03:52:05.962 [main] INFO  c.u.j.EncryptablePropertySourceConverter : Converting PropertySource Management Server [org.springframework.boot.actuate.autoconfigure.web.server.ManagementContextAutoConfiguration$SameManagementContextConfiguration$1] to EncryptablePropertySourceWrapper 
2021-11-05 03:52:05.979 [main] INFO  c.s.s.NetworkApplication : Started NetworkApplication in 9.031 seconds (JVM running for 11.215) 
2021-11-05 03:52:06.400 [RMI TCP Connection(2)-26.77.241.64] INFO  o.a.c.c.C.[Tomcat].[localhost].[/] : Initializing Spring DispatcherServlet 'dispatcherServlet' 
2021-11-05 03:52:06.400 [RMI TCP Connection(2)-26.77.241.64] INFO  o.s.web.servlet.DispatcherServlet : Initializing Servlet 'dispatcherServlet' 
2021-11-05 03:52:06.402 [RMI TCP Connection(2)-26.77.241.64] INFO  o.s.web.servlet.DispatcherServlet : Completed initialization in 2 ms 
2021-11-05 03:52:21.843 [SpringApplicationShutdownHook] INFO  c.c.socketio.SocketIOServer : SocketIO server stopped 
2021-11-05 03:52:21.843 [SpringApplicationShutdownHook] INFO  o.s.o.j.LocalContainerEntityManagerFactoryBean : Closing JPA EntityManagerFactory for persistence unit 'default' 
2021-11-05 03:52:21.845 [SpringApplicationShutdownHook] INFO  com.zaxxer.hikari.HikariDataSource : HikariPool-1 - Shutdown initiated... 
2021-11-05 03:52:21.854 [SpringApplicationShutdownHook] INFO  com.zaxxer.hikari.HikariDataSource : HikariPool-1 - Shutdown completed. 
